[2021-03-17 14:01:46] local.DEBUG: array (
  '_token' => '8hmwKPMTayPfKbqXUBYqTCAtNFpmp6ubhirem4FF',
  'email' => 'cfigueroa@datapro.cl',
  'password' => 'datapro2021',
  'captcha' => 'bguqf',
)  
[2021-03-17 14:01:46] local.DEBUG: reglas :   
[2021-03-17 14:01:46] local.DEBUG: array (
  'captcha' => 'required|captcha_api:bguqf,default',
)  
[2021-03-17 14:01:57] local.DEBUG: array (
  '_token' => 'Pl7XK45E8lJmREpaNC5TNsIyTP5TYy8ApmnpF09J',
  'email' => 'cfigueroa@datapro.cl',
  'password' => 'datapro2021',
  'captcha' => 'sadasda',
)  
[2021-03-17 14:01:57] local.DEBUG: reglas :   
[2021-03-17 14:01:57] local.DEBUG: array (
  'captcha' => 'required|captcha_api:sadasda,default',
)  
[2021-03-17 14:02:05] local.DEBUG: array (
  '_token' => 'Pl7XK45E8lJmREpaNC5TNsIyTP5TYy8ApmnpF09J',
  'email' => 'cfigueroa@datapro.cl',
  'password' => 'datapro2021',
  'captcha' => 'ddr4b',
)  
[2021-03-17 14:02:05] local.DEBUG: reglas :   
[2021-03-17 14:02:05] local.DEBUG: array (
  'captcha' => 'required|captcha_api:ddr4b,default',
)  
[2021-03-17 14:02:38] local.DEBUG: array (
  '_token' => 'o75ajlElWlYneKTWHMtaZDzFzQeud16Gx8DQYdMi',
  'email' => 'cfigueroa@datapro.cl',
  'password' => 'datapro2021',
  'captcha' => 'rtzca',
)  
[2021-03-17 14:02:38] local.DEBUG: reglas :   
[2021-03-17 14:02:38] local.DEBUG: array (
  'captcha' => 'required|captcha_api:rtzca,default',
)  
[2021-03-17 14:04:06] local.ERROR: Unable to read color (white). {"exception":"[object] (Intervention\\Image\\Exception\\NotReadableException(code: 0): Unable to read color (white). at C:\\wamp64\\www\\desarrollo\\vendor\\intervention\\image\\src\\Intervention\\Image\\AbstractColor.php:222)
[stacktrace]
#0 C:\\wamp64\\www\\desarrollo\\vendor\\intervention\\image\\src\\Intervention\\Image\\Gd\\Color.php(89): Intervention\\Image\\AbstractColor->rgbaFromString('white')
#1 C:\\wamp64\\www\\desarrollo\\vendor\\intervention\\image\\src\\Intervention\\Image\\AbstractColor.php(122): Intervention\\Image\\Gd\\Color->initFromString('white')
#2 C:\\wamp64\\www\\desarrollo\\vendor\\intervention\\image\\src\\Intervention\\Image\\AbstractColor.php(108): Intervention\\Image\\AbstractColor->parse('white')
#3 C:\\wamp64\\www\\desarrollo\\vendor\\intervention\\image\\src\\Intervention\\Image\\Gd\\Driver.php(43): Intervention\\Image\\AbstractColor->__construct('white')
#4 C:\\wamp64\\www\\desarrollo\\vendor\\intervention\\image\\src\\Intervention\\Image\\ImageManager.php(68): Intervention\\Image\\Gd\\Driver->newImage(120, 36, 'white')
#5 C:\\wamp64\\www\\desarrollo\\vendor\\mews\\captcha\\src\\Captcha.php(265): Intervention\\Image\\ImageManager->canvas(120, 36, 'white')
#6 C:\\wamp64\\www\\desarrollo\\vendor\\mews\\captcha\\src\\CaptchaController.php(28): Mews\\Captcha\\Captcha->create('default')
#7 C:\\wamp64\\www\\desarrollo\\vendor\\laravel\\framework\\src\\Illuminate\\Routing\\Controller.php(54): Mews\\Captcha\\CaptchaController->getCaptcha(Object(Mews\\Captcha\\Captcha), 'default')
#8 C:\\wamp64\\www\\desarrollo\\vendor\\laravel\\framework\\src\\Illuminate\\Routing\\ControllerDispatcher.php(45): Illuminate\\Routing\\Controller->callAction('getCaptcha', Array)
#9 C:\\wamp64\\www\\desarrollo\\vendor\\laravel\\framework\\src\\Illuminate\\Routing\\Route.php(239): Illuminate\\Routing\\ControllerDispatcher->dispatch(Object(Illuminate\\Routing\\Route), Object(Mews\\Captcha\\CaptchaController), 'getCaptcha')
#10 C:\\wamp64\\www\\desarrollo\\vendor\\laravel\\framework\\src\\Illuminate\\Routing\\Route.php(196): Illuminate\\Routing\\Route->runController()
#11 C:\\wamp64\\www\\desarrollo\\vendor\\laravel\\framework\\src\\Illuminate\\Routing\\Router.php(685): Illuminate\\Routing\\Route->run()
#12 C:\\wamp64\\www\\desarrollo\\vendor\\laravel\\framework\\src\\Illuminate\\Pipeline\\Pipeline.php(128): Illuminate\\Routing\\Router->Illuminate\\Routing\\{closure}(Object(Illuminate\\Http\\Request))
#13 C:\\wamp64\\www\\desarrollo\\vendor\\laravel\\framework\\src\\Illuminate\\Routing\\Middleware\\SubstituteBindings.php(41): Illuminate\\Pipeline\\Pipeline->Illuminate\\Pipeline\\{closure}(Object(Illuminate\\Http\\Request))
#14 C:\\wamp64\\www\\desarrollo\\vendor\\laravel\\framework\\src\\Illuminate\\Pipeline\\Pipeline.php(167): Illuminate\\Routing\\Middleware\\SubstituteBindings->handle(Object(Illuminate\\Http\\Request), Object(Closure))
#15 C:\\wamp64\\www\\desarrollo\\vendor\\laravel\\framework\\src\\Illuminate\\Foundation\\Http\\Middleware\\VerifyCsrfToken.php(78): Illuminate\\Pipeline\\Pipeline->Illuminate\\Pipeline\\{closure}(Object(Illuminate\\Http\\Request))
#16 C:\\wamp64\\www\\desarrollo\\vendor\\laravel\\framework\\src\\Illuminate\\Pipeline\\Pipeline.php(167): Illuminate\\Foundation\\Http\\Middleware\\VerifyCsrfToken->handle(Object(Illuminate\\Http\\Request), Object(Closure))
#17 C:\\wamp64\\www\\desarrollo\\vendor\\laravel\\framework\\src\\Illuminate\\View\\Middleware\\ShareErrorsFromSession.php(49): Illuminate\\Pipeline\\Pipeline->Illuminate\\Pipeline\\{closure}(Object(Illuminate\\Http\\Request))
#18 C:\\wamp64\\www\\desarrollo\\vendor\\laravel\\framework\\src\\Illuminate\\Pipeline\\Pipeline.php(167): Illuminate\\View\\Middleware\\ShareErrorsFromSession->handle(Object(Illuminate\\Http\\Request), Object(Closure))
#19 C:\\wamp64\\www\\desarrollo\\vendor\\laravel\\framework\\src\\Illuminate\\Session\\Middleware\\StartSession.php(116): Illuminate\\Pipeline\\Pipeline->Illuminate\\Pipeline\\{closure}(Object(Illuminate\\Http\\Request))
#20 C:\\wamp64\\www\\desarrollo\\vendor\\laravel\\framework\\src\\Illuminate\\Session\\Middleware\\StartSession.php(62): Illuminate\\Session\\Middleware\\StartSession->handleStatefulRequest(Object(Illuminate\\Http\\Request), Object(Illuminate\\Session\\Store), Object(Closure))
#21 C:\\wamp64\\www\\desarrollo\\vendor\\laravel\\framework\\src\\Illuminate\\Pipeline\\Pipeline.php(167): Illuminate\\Session\\Middleware\\StartSession->handle(Object(Illuminate\\Http\\Request), Object(Closure))
#22 C:\\wamp64\\www\\desarrollo\\vendor\\laravel\\framework\\src\\Illuminate\\Cookie\\Middleware\\AddQueuedCookiesToResponse.php(37): Illuminate\\Pipeline\\Pipeline->Illuminate\\Pipeline\\{closure}(Object(Illuminate\\Http\\Request))
#23 C:\\wamp64\\www\\desarrollo\\vendor\\laravel\\framework\\src\\Illuminate\\Pipeline\\Pipeline.php(167): Illuminate\\Cookie\\Middleware\\AddQueuedCookiesToResponse->handle(Object(Illuminate\\Http\\Request), Object(Closure))
#24 C:\\wamp64\\www\\desarrollo\\vendor\\laravel\\framework\\src\\Illuminate\\Cookie\\Middleware\\EncryptCookies.php(67): Illuminate\\Pipeline\\Pipeline->Illuminate\\Pipeline\\{closure}(Object(Illuminate\\Http\\Request))
#25 C:\\wamp64\\www\\desarrollo\\vendor\\laravel\\framework\\src\\Illuminate\\Pipeline\\Pipeline.php(167): Illuminate\\Cookie\\Middleware\\EncryptCookies->handle(Object(Illuminate\\Http\\Request), Object(Closure))
#26 C:\\wamp64\\www\\desarrollo\\vendor\\laravel\\framework\\src\\Illuminate\\Pipeline\\Pipeline.php(103): Illuminate\\Pipeline\\Pipeline->Illuminate\\Pipeline\\{closure}(Object(Illuminate\\Http\\Request))
#27 C:\\wamp64\\www\\desarrollo\\vendor\\laravel\\framework\\src\\Illuminate\\Routing\\Router.php(687): Illuminate\\Pipeline\\Pipeline->then(Object(Closure))
#28 C:\\wamp64\\www\\desarrollo\\vendor\\laravel\\framework\\src\\Illuminate\\Routing\\Router.php(662): Illuminate\\Routing\\Router->runRouteWithinStack(Object(Illuminate\\Routing\\Route), Object(Illuminate\\Http\\Request))
#29 C:\\wamp64\\www\\desarrollo\\vendor\\laravel\\framework\\src\\Illuminate\\Routing\\Router.php(628): Illuminate\\Routing\\Router->runRoute(Object(Illuminate\\Http\\Request), Object(Illuminate\\Routing\\Route))
#30 C:\\wamp64\\www\\desarrollo\\vendor\\laravel\\framework\\src\\Illuminate\\Routing\\Router.php(617): Illuminate\\Routing\\Router->dispatchToRoute(Object(Illuminate\\Http\\Request))
#31 C:\\wamp64\\www\\desarrollo\\vendor\\laravel\\framework\\src\\Illuminate\\Foundation\\Http\\Kernel.php(165): Illuminate\\Routing\\Router->dispatch(Object(Illuminate\\Http\\Request))
#32 C:\\wamp64\\www\\desarrollo\\vendor\\laravel\\framework\\src\\Illuminate\\Pipeline\\Pipeline.php(128): Illuminate\\Foundation\\Http\\Kernel->Illuminate\\Foundation\\Http\\{closure}(Object(Illuminate\\Http\\Request))
#33 C:\\wamp64\\www\\desarrollo\\vendor\\laravel\\framework\\src\\Illuminate\\Foundation\\Http\\Middleware\\TransformsRequest.php(21): Illuminate\\Pipeline\\Pipeline->Illuminate\\Pipeline\\{closure}(Object(Illuminate\\Http\\Request))
#34 C:\\wamp64\\www\\desarrollo\\vendor\\laravel\\framework\\src\\Illuminate\\Pipeline\\Pipeline.php(167): Illuminate\\Foundation\\Http\\Middleware\\TransformsRequest->handle(Object(Illuminate\\Http\\Request), Object(Closure))
#35 C:\\wamp64\\www\\desarrollo\\vendor\\laravel\\framework\\src\\Illuminate\\Foundation\\Http\\Middleware\\TransformsRequest.php(21): Illuminate\\Pipeline\\Pipeline->Illuminate\\Pipeline\\{closure}(Object(Illuminate\\Http\\Request))
#36 C:\\wamp64\\www\\desarrollo\\vendor\\laravel\\framework\\src\\Illuminate\\Pipeline\\Pipeline.php(167): Illuminate\\Foundation\\Http\\Middleware\\TransformsRequest->handle(Object(Illuminate\\Http\\Request), Object(Closure))
#37 C:\\wamp64\\www\\desarrollo\\vendor\\laravel\\framework\\src\\Illuminate\\Foundation\\Http\\Middleware\\ValidatePostSize.php(27): Illuminate\\Pipeline\\Pipeline->Illuminate\\Pipeline\\{closure}(Object(Illuminate\\Http\\Request))
#38 C:\\wamp64\\www\\desarrollo\\vendor\\laravel\\framework\\src\\Illuminate\\Pipeline\\Pipeline.php(167): Illuminate\\Foundation\\Http\\Middleware\\ValidatePostSize->handle(Object(Illuminate\\Http\\Request), Object(Closure))
#39 C:\\wamp64\\www\\desarrollo\\vendor\\laravel\\framework\\src\\Illuminate\\Foundation\\Http\\Middleware\\CheckForMaintenanceMode.php(63): Illuminate\\Pipeline\\Pipeline->Illuminate\\Pipeline\\{closure}(Object(Illuminate\\Http\\Request))
#40 C:\\wamp64\\www\\desarrollo\\vendor\\laravel\\framework\\src\\Illuminate\\Pipeline\\Pipeline.php(167): Illuminate\\Foundation\\Http\\Middleware\\CheckForMaintenanceMode->handle(Object(Illuminate\\Http\\Request), Object(Closure))
#41 C:\\wamp64\\www\\desarrollo\\vendor\\fruitcake\\laravel-cors\\src\\HandleCors.php(37): Illuminate\\Pipeline\\Pipeline->Illuminate\\Pipeline\\{closure}(Object(Illuminate\\Http\\Request))
#42 C:\\wamp64\\www\\desarrollo\\vendor\\laravel\\framework\\src\\Illuminate\\Pipeline\\Pipeline.php(167): Fruitcake\\Cors\\HandleCors->handle(Object(Illuminate\\Http\\Request), Object(Closure))
#43 C:\\wamp64\\www\\desarrollo\\vendor\\fideloper\\proxy\\src\\TrustProxies.php(57): Illuminate\\Pipeline\\Pipeline->Illuminate\\Pipeline\\{closure}(Object(Illuminate\\Http\\Request))
#44 C:\\wamp64\\www\\desarrollo\\vendor\\laravel\\framework\\src\\Illuminate\\Pipeline\\Pipeline.php(167): Fideloper\\Proxy\\TrustProxies->handle(Object(Illuminate\\Http\\Request), Object(Closure))
#45 C:\\wamp64\\www\\desarrollo\\vendor\\laravel\\framework\\src\\Illuminate\\Pipeline\\Pipeline.php(103): Illuminate\\Pipeline\\Pipeline->Illuminate\\Pipeline\\{closure}(Object(Illuminate\\Http\\Request))
#46 C:\\wamp64\\www\\desarrollo\\vendor\\laravel\\framework\\src\\Illuminate\\Foundation\\Http\\Kernel.php(140): Illuminate\\Pipeline\\Pipeline->then(Object(Closure))
#47 C:\\wamp64\\www\\desarrollo\\vendor\\laravel\\framework\\src\\Illuminate\\Foundation\\Http\\Kernel.php(109): Illuminate\\Foundation\\Http\\Kernel->sendRequestThroughRouter(Object(Illuminate\\Http\\Request))
#48 C:\\wamp64\\www\\desarrollo\\public\\index.php(55): Illuminate\\Foundation\\Http\\Kernel->handle(Object(Illuminate\\Http\\Request))
#49 {main}
"} 
[2021-03-17 14:06:10] local.DEBUG: array (
  '_token' => 'nOTb951275DoNmRRVe3aXkfTQqemNFHoMfdnWV40',
  'email' => 'cfigueroa@datapro.cl',
  'password' => 'datapro2020',
  'captcha' => 'fcn',
)  
[2021-03-17 14:06:10] local.DEBUG: reglas :   
[2021-03-17 14:06:10] local.DEBUG: array (
  'captcha' => 'required|captcha_api:fcn,default',
)  
[2021-03-17 14:06:17] local.DEBUG: array (
  '_token' => 'nOTb951275DoNmRRVe3aXkfTQqemNFHoMfdnWV40',
  'email' => 'cfigueroa@datapro.cl',
  'password' => 'datapro2021',
  'captcha' => 'uyhasd',
)  
[2021-03-17 14:06:17] local.DEBUG: reglas :   
[2021-03-17 14:06:17] local.DEBUG: array (
  'captcha' => 'required|captcha_api:uyhasd,default',
)  
[2021-03-17 14:06:23] local.DEBUG: array (
  '_token' => 'nOTb951275DoNmRRVe3aXkfTQqemNFHoMfdnWV40',
  'email' => 'cfigueroa@datapro.cl',
  'password' => 'datapro2021',
  'captcha' => 'tei',
)  
[2021-03-17 14:06:23] local.DEBUG: reglas :   
[2021-03-17 14:06:23] local.DEBUG: array (
  'captcha' => 'required|captcha_api:tei,default',
)  
[2021-03-17 14:06:30] local.DEBUG: array (
  '_token' => 'nOTb951275DoNmRRVe3aXkfTQqemNFHoMfdnWV40',
  'email' => 'cfigueroa@datapro.cl',
  'password' => 'datapro2021',
  'captcha' => '9zt',
)  
[2021-03-17 14:06:30] local.DEBUG: reglas :   
[2021-03-17 14:06:30] local.DEBUG: array (
  'captcha' => 'required|captcha_api:9zt,default',
)  
[2021-03-17 14:07:35] local.DEBUG: array (
  '_token' => 'g9llDTESZTPtSNVivw4uEHvAeNuYgzHemSZl7ySd',
  'email' => 'sstifel@datapro.cl',
  'password' => 'datapro2021',
  'captcha' => 'ezq',
)  
[2021-03-17 14:07:35] local.DEBUG: reglas :   
[2021-03-17 14:07:35] local.DEBUG: array (
  'captcha' => 'required|captcha_api:ezq,default',
)  
[2021-03-17 14:07:41] local.DEBUG: array (
  '_token' => 'g9llDTESZTPtSNVivw4uEHvAeNuYgzHemSZl7ySd',
  'email' => 'sstifel@datapro.cl',
  'password' => 'datapro2020',
  'captcha' => 'dy9',
)  
[2021-03-17 14:07:41] local.DEBUG: reglas :   
[2021-03-17 14:07:41] local.DEBUG: array (
  'captcha' => 'required|captcha_api:dy9,default',
)  
